<?xml version="1.0" encoding="UTF-8"?>
<!-- Generated by org.testng.reporters.JUnitReportReporter -->
<testsuite hostname="SARVESH-DESKTOP" failures="0" tests="6" name="test.CartTest" time="65.816" errors="0" timestamp="2024-06-27T08:51:01 IST" skipped="0">
  <testcase classname="test.CartTest" name="verifyAddToCartFromOrderDetailsUsingQuickView" time="6.146"/>
  <testcase classname="test.CartTest" name="verifyAmountsInTheCart" time="8.765"/>
  <testcase classname="test.CartTest" name="verifyAddingTwoProductsInTheCart" time="11.097"/>
  <testcase classname="test.CartTest" name="verifyRemoveFunctionalityOfCart" time="15.820"/>
  <testcase classname="test.CartTest" name="verifyAddToCartFromProductDetail" time="5.954"/>
  <testcase classname="test.CartTest" name="verifyAmountsInTheCartForMultipleProducts" time="18.034"/>
</testsuite> <!-- test.CartTest -->
