<?xml version="1.0" encoding="UTF-8"?>
<!-- Generated by org.testng.reporters.JUnitReportReporter -->
<testsuite hostname="SARVESH-DESKTOP" failures="0" tests="6" name="test.CartTest" time="58.509" errors="0" timestamp="2024-06-27T07:55:00 IST" skipped="0">
  <testcase classname="test.CartTest" name="verifyAmountsInTheCartForMultipleProducts" time="8.712"/>
  <testcase classname="test.CartTest" name="verifyAddToCartFromProductDetail" time="6.400"/>
  <testcase classname="test.CartTest" name="verifyAddToCartFromOrderDetailsUsingQuickView" time="8.306"/>
  <testcase classname="test.CartTest" name="verifyRemoveFunctionalityOfCart" time="12.084"/>
  <testcase classname="test.CartTest" name="verifyAmountsInTheCart" time="5.634"/>
  <testcase classname="test.CartTest" name="verifyAddingTwoProductsInTheCart" time="17.373"/>
</testsuite> <!-- test.CartTest -->
