<?xml version="1.0" encoding="UTF-8"?>
<!-- Generated by org.testng.reporters.JUnitReportReporter -->
<testsuite hostname="SARVESH-DESKTOP" failures="0" tests="1" name="test.ViewProductDetailTest" time="6.062" errors="0" timestamp="2024-06-22T15:58:57 IST" skipped="0">
  <testcase classname="test.ViewProductDetailTest" name="verifyIfUserIsAbleToOpenProductOnNewTab" time="6.062"/>
</testsuite> <!-- test.ViewProductDetailTest -->
