<?xml version="1.0" encoding="UTF-8"?>
<!-- Generated by org.testng.reporters.JUnitReportReporter -->
<testsuite hostname="SARVESH-DESKTOP" failures="0" tests="2" name="test.ViewProductDetailTest" time="12.677" errors="0" timestamp="2024-06-27T08:51:01 IST" skipped="0">
  <testcase classname="test.ViewProductDetailTest" name="verifyIfUserIsAbleToOpenProductOnNewTab" time="6.924"/>
  <testcase classname="test.ViewProductDetailTest" name="verifyIfUserIsAbleToViewProductdetailsOnQuickView" time="5.753"/>
</testsuite> <!-- test.ViewProductDetailTest -->
