<?xml version="1.0" encoding="UTF-8"?>
<!-- Generated by org.testng.reporters.JUnitReportReporter -->
<testsuite hostname="SARVESH-DESKTOP" failures="0" tests="5" name="test.ProductSearchTest" time="19.798" errors="0" timestamp="2024-06-27T08:51:01 IST" skipped="0">
  <testcase classname="test.ProductSearchTest" name="verifyIfUserIsAbleToGoToTrackOrderPage" time="4.387"/>
  <testcase classname="test.ProductSearchTest" name="verifyIfUserIsAbleToGoToLoginOrRegesterPopup" time="3.805"/>
  <testcase classname="test.ProductSearchTest" name="verifyIfUserIsAbleToLaunchNaaptolOnBrowser" time="3.251"/>
  <testcase classname="test.ProductSearchTest" name="verifyIfUserIsAbleToSearchProduct" time="4.128"/>
  <testcase classname="test.ProductSearchTest" name="verifyIfUserIsAbleToSeeShopingCategories" time="4.227"/>
</testsuite> <!-- test.ProductSearchTest -->
