<?xml version="1.0" encoding="UTF-8"?>
<!-- Generated by org.testng.reporters.JUnitReportReporter -->
<testsuite hostname="SARVESH-DESKTOP" failures="0" tests="2" name="test.ViewProductDetailTest" time="10.402" errors="0" timestamp="2024-06-27T07:55:00 IST" skipped="0">
  <testcase classname="test.ViewProductDetailTest" name="verifyIfUserIsAbleToViewProductdetailsOnQuickView" time="4.847"/>
  <testcase classname="test.ViewProductDetailTest" name="verifyIfUserIsAbleToOpenProductOnNewTab" time="5.555"/>
</testsuite> <!-- test.ViewProductDetailTest -->
