<?xml version="1.0" encoding="UTF-8"?>
<!-- Generated by org.testng.reporters.JUnitReportReporter -->
<testsuite hostname="SARVESH-DESKTOP" failures="0" tests="1" name="test.LoginOrRegisterTest" time="71.512" errors="0" timestamp="2024-06-27T08:51:01 IST" skipped="0">
  <testcase classname="test.LoginOrRegisterTest" name="verifyLoginOrRegesterPage" time="71.512"/>
</testsuite> <!-- test.LoginOrRegisterTest -->
