<?xml version="1.0" encoding="UTF-8"?>
<!-- Generated by org.testng.reporters.JUnitReportReporter -->
<testsuite hostname="SARVESH-DESKTOP" failures="0" tests="1" name="test.CartTest" time="10.691" errors="0" timestamp="2024-07-03T04:56:42 IST" skipped="0">
  <testcase classname="test.CartTest" name="verifyAmountsInTheCartForMultipleProducts" time="10.691"/>
</testsuite> <!-- test.CartTest -->
