<?xml version="1.0" encoding="UTF-8"?>
<!-- Generated by org.testng.reporters.JUnitReportReporter -->
<testsuite hostname="SARVESH-DESKTOP" failures="0" tests="5" name="test.ProductSearchTest" time="25.100" errors="0" timestamp="2024-06-27T07:55:00 IST" skipped="0">
  <testcase classname="test.ProductSearchTest" name="verifyIfUserIsAbleToSearchProduct" time="7.433"/>
  <testcase classname="test.ProductSearchTest" name="verifyIfUserIsAbleToGoToTrackOrderPage" time="4.781"/>
  <testcase classname="test.ProductSearchTest" name="verifyIfUserIsAbleToLaunchNaaptolOnBrowser" time="3.698"/>
  <testcase classname="test.ProductSearchTest" name="verifyIfUserIsAbleToSeeShopingCategories" time="3.603"/>
  <testcase classname="test.ProductSearchTest" name="verifyIfUserIsAbleToGoToLoginOrRegesterPopup" time="5.585"/>
</testsuite> <!-- test.ProductSearchTest -->
