<?xml version="1.0" encoding="UTF-8"?>
<!-- Generated by org.testng.reporters.JUnitReportReporter -->
<testsuite hostname="SARVESH-DESKTOP" failures="0" tests="5" name="test.ProductSearchTest" time="30.443" errors="0" timestamp="2024-06-22T15:34:37 IST" skipped="0">
  <testcase classname="test.ProductSearchTest" name="verifyIfUserIsAbleToSearchProduct" time="7.090"/>
  <testcase classname="test.ProductSearchTest" name="verifyIfUserIsAbleToLaunchNaaptolOnBrowser" time="3.658"/>
  <testcase classname="test.ProductSearchTest" name="verifyIfUserIsAbleToGoToTrackOrderPage" time="4.616"/>
  <testcase classname="test.ProductSearchTest" name="verifyIfUserIsAbleToGoToLoginOrRegesterPopup" time="11.368"/>
  <testcase classname="test.ProductSearchTest" name="verifyIfUserIsAbleToSeeShopingCategories" time="3.711"/>
</testsuite> <!-- test.ProductSearchTest -->
