<?xml version="1.0" encoding="UTF-8"?>
<!-- Generated by org.testng.reporters.JUnitReportReporter -->
<testsuite hostname="SARVESH-DESKTOP" failures="0" tests="1" name="test.LoginOrRegisterTest" time="69.045" errors="0" timestamp="2024-06-24T01:30:27 IST" skipped="0">
  <testcase classname="test.LoginOrRegisterTest" name="verifyLoginOrRegesterPage" time="69.045"/>
</testsuite> <!-- test.LoginOrRegisterTest -->
